<?xml version="1.0" encoding="utf-8"?><testsuites name="pytest tests"><testsuite name="pytest" errors="0" failures="0" skipped="0" tests="6" time="4.003" timestamp="2026-03-20T00:13:06.771841-05:00" hostname="Leos-MacBook-Pro-2.local"><testcase classname="tests.test_populate_from_calendar.TestPopulateFromCalendarSuccess" name="test_success_adds_ingredients_from_meal_event" time="1.779" /><testcase classname="tests.test_populate_from_calendar.TestPopulateFromCalendarSuccess" name="test_success_returns_zero_when_no_meal_events" time="0.006" /><testcase classname="tests.test_populate_from_calendar.TestPopulateFromCalendarSuccess" name="test_success_skips_events_without_recipe" time="0.005" /><testcase classname="tests.test_populate_from_calendar.TestPopulateFromCalendarDeduplication" name="test_skips_duplicate_ingredient_for_same_meal_event" time="0.005" /><testcase classname="tests.test_populate_from_calendar.TestPopulateFromCalendarAccessControl" name="test_returns_403_for_non_member" time="0.006" /><testcase classname="tests.test_populate_from_calendar.TestPopulateFromCalendarAccessControl" name="test_returns_404_for_missing_list" time="0.005" /></testsuite></testsuites>