<?xml version="1.0" encoding="utf-8"?><testsuites name="pytest tests"><testsuite name="pytest" errors="0" failures="0" skipped="0" tests="122" time="3.739" timestamp="2026-02-18T15:36:54.810470-07:00" hostname="Leos-MacBook-Pro-2.local"><testcase classname="tests.test_friends.TestListFriends" name="test_list_friends_success" time="1.720" /><testcase classname="tests.test_friends.TestListFriends" name="test_list_friends_empty" time="0.005" /><testcase classname="tests.test_friends.TestListFriendRequests" name="test_list_friend_requests" time="0.006" /><testcase classname="tests.test_friends.TestSendFriendRequest" name="test_send_friend_request_missing_fields" time="0.005" /><testcase classname="tests.test_friends.TestGetFriend" name="test_get_friend_success" time="0.004" /><testcase classname="tests.test_friends.TestGetFriend" name="test_get_friend_not_found" time="0.005" /><testcase classname="tests.test_friends.TestRemoveFriend" name="test_remove_friend_success" time="0.005" /><testcase classname="tests.test_friends.TestRemoveFriend" name="test_remove_friend_not_found" time="0.007" /><testcase classname="tests.test_health" name="test_health_check" time="0.004" /><testcase classname="tests.test_health" name="test_readiness_check" time="0.004" /><testcase classname="tests.test_import.TestStartImport" name="test_start_import_success" time="0.007" /><testcase classname="tests.test_import.TestStartImport" name="test_start_import_no_access" time="0.005" /><testcase classname="tests.test_import.TestGetImportJob" name="test_get_import_job_success" time="0.005" /><testcase classname="tests.test_import.TestGetImportJob" name="test_get_import_job_not_found" time="0.006" /><testcase classname="tests.test_import.TestCancelImportJob" name="test_cancel_import_job_success" time="0.005" /><testcase classname="tests.test_import.TestCancelImportJob" name="test_cancel_import_job_not_found" time="0.005" /><testcase classname="tests.test_import.TestListImportItems" name="test_list_import_items_success" time="0.005" /><testcase classname="tests.test_ingredient.TestSearchIngredients" name="test_search_ingredients_success" time="0.004" /><testcase classname="tests.test_ingredient.TestSearchIngredients" name="test_search_ingredients_no_results" time="0.004" /><testcase classname="tests.test_ingredient.TestGetIngredient" name="test_get_ingredient_success" time="0.004" /><testcase classname="tests.test_ingredient.TestGetIngredient" name="test_get_ingredient_not_found" time="0.005" /><testcase classname="tests.test_ingredient.TestCreateIngredient" name="test_create_ingredient_success" time="0.005" /><testcase classname="tests.test_ingredient.TestCreateIngredient" name="test_create_ingredient_duplicate" time="0.004" /><testcase classname="tests.test_ingredient.TestCreateIngredient" name="test_create_ingredient_minimal" time="0.005" /><testcase classname="tests.test_invitations.TestListReceivedInvitations" name="test_list_received_invitations_success" time="0.005" /><testcase classname="tests.test_invitations.TestListReceivedInvitations" name="test_list_received_invitations_empty" time="0.004" /><testcase classname="tests.test_invitations.TestListSentInvitations" name="test_list_sent_invitations_success" time="0.004" /><testcase classname="tests.test_invitations.TestSendInvitation" name="test_send_invitation_missing_fields" time="0.005" /><testcase classname="tests.test_invitations.TestAcceptInvitation" name="test_accept_invitation_not_found" time="0.005" /><testcase classname="tests.test_invitations.TestDeclineInvitation" name="test_decline_invitation_not_found" time="0.005" /><testcase classname="tests.test_invitations.TestRevokeInvitation" name="test_revoke_invitation_not_found" time="0.005" /><testcase classname="tests.test_invite_links.TestCreateInviteLink" name="test_create_invite_link_missing_fields" time="0.006" /><testcase classname="tests.test_invite_links.TestCreateInviteLink" name="test_create_invite_link_success" time="0.005" /><testcase classname="tests.test_invite_links.TestPreviewInviteLink" name="test_preview_invite_link_not_found" time="0.006" /><testcase classname="tests.test_invite_links.TestPreviewInviteLink" name="test_preview_invite_link_success" time="0.005" /><testcase classname="tests.test_invite_links.TestDeactivateInviteLink" name="test_deactivate_invite_link_not_found" time="0.005" /><testcase classname="tests.test_meal_event.TestListMealEvents" name="test_list_meal_events_success" time="0.009" /><testcase classname="tests.test_meal_event.TestListMealEvents" name="test_list_meal_events_empty" time="0.005" /><testcase classname="tests.test_meal_event.TestCreateMealEvent" name="test_create_meal_event_success" time="0.006" /><testcase classname="tests.test_meal_event.TestCreateMealEvent" name="test_create_meal_event_missing_title" time="0.004" /><testcase classname="tests.test_meal_event.TestGetMealEvent" name="test_get_meal_event_success" time="0.005" /><testcase classname="tests.test_meal_event.TestGetMealEvent" name="test_get_meal_event_not_found" time="0.005" /><testcase classname="tests.test_meal_event.TestDeleteMealEvent" name="test_delete_meal_event_success" time="0.004" /><testcase classname="tests.test_meal_event.TestDeleteMealEvent" name="test_delete_meal_event_not_owner" time="0.005" /><testcase classname="tests.test_parser.TestGetUploadUrl" name="test_get_upload_url_success" time="0.005" /><testcase classname="tests.test_parser.TestSubmitParserJob" name="test_submit_parser_job_success" time="0.005" /><testcase classname="tests.test_parser.TestGetParserJob" name="test_get_parser_job_success" time="0.004" /><testcase classname="tests.test_parser.TestGetParserJob" name="test_get_parser_job_not_found" time="0.005" /><testcase classname="tests.test_parser.TestGetParserJob" name="test_get_parser_job_wrong_user" time="0.004" /><testcase classname="tests.test_public.TestGetPublicRecipe" name="test_public_recipe_success" time="0.006" /><testcase classname="tests.test_public.TestGetPublicRecipe" name="test_public_recipe_not_public_book" time="0.004" /><testcase classname="tests.test_public.TestGetPublicRecipe" name="test_public_recipe_not_found" time="0.005" /><testcase classname="tests.test_public.TestGetPublicRecipe" name="test_public_recipe_with_ingredients" time="0.005" /><testcase classname="tests.test_public.TestGetPublicRecipeBook" name="test_public_recipe_book_success" time="0.005" /><testcase classname="tests.test_public.TestGetPublicRecipeBook" name="test_public_recipe_book_not_public" time="0.004" /><testcase classname="tests.test_public.TestGetPublicRecipeBook" name="test_public_recipe_book_not_found" time="0.006" /><testcase classname="tests.test_public.TestGetPublicRecipeBook" name="test_public_recipe_book_empty" time="0.004" /><testcase classname="tests.test_recipe.TestListRecipes" name="test_list_recipes_success" time="0.068" /><testcase classname="tests.test_recipe.TestListRecipes" name="test_list_recipes_no_access" time="0.005" /><testcase classname="tests.test_recipe.TestListRecipes" name="test_list_recipes_with_search" time="0.005" /><testcase classname="tests.test_recipe.TestGetRecipe" name="test_get_recipe_success" time="0.009" /><testcase classname="tests.test_recipe.TestGetRecipe" name="test_get_recipe_not_found" time="0.005" /><testcase classname="tests.test_recipe.TestGetRecipe" name="test_get_recipe_no_access" time="0.005" /><testcase classname="tests.test_recipe.TestGetRecipe" name="test_get_recipe_with_ingredients" time="0.005" /><testcase classname="tests.test_recipe.TestCreateRecipe" name="test_create_recipe_success" time="0.006" /><testcase classname="tests.test_recipe.TestCreateRecipe" name="test_create_recipe_no_permission" time="0.005" /><testcase classname="tests.test_recipe.TestCreateRecipe" name="test_create_recipe_missing_name" time="0.004" /><testcase classname="tests.test_recipe.TestDeleteRecipe" name="test_delete_recipe_success" time="0.004" /><testcase classname="tests.test_recipe.TestDeleteRecipe" name="test_delete_recipe_not_found" time="0.005" /><testcase classname="tests.test_recipe.TestDeleteRecipe" name="test_delete_recipe_no_permission" time="0.005" /><testcase classname="tests.test_recipe_book.TestListRecipeBooks" name="test_list_recipe_books_success" time="0.005" /><testcase classname="tests.test_recipe_book.TestListRecipeBooks" name="test_list_recipe_books_empty" time="0.005" /><testcase classname="tests.test_recipe_book.TestCreateRecipeBook" name="test_create_recipe_book_success" time="0.005" /><testcase classname="tests.test_recipe_book.TestCreateRecipeBook" name="test_create_recipe_book_no_description" time="0.005" /><testcase classname="tests.test_recipe_book.TestCreateRecipeBook" name="test_create_recipe_book_missing_name" time="0.004" /><testcase classname="tests.test_recipe_book.TestGetRecipeBook" name="test_get_recipe_book_success" time="0.005" /><testcase classname="tests.test_recipe_book.TestGetRecipeBook" name="test_get_recipe_book_access_denied" time="0.004" /><testcase classname="tests.test_recipe_book.TestGetRecipeBook" name="test_get_recipe_book_with_recipes" time="0.004" /><testcase classname="tests.test_recipe_book.TestUpdateRecipeBook" name="test_update_recipe_book_name" time="0.005" /><testcase classname="tests.test_recipe_book.TestUpdateRecipeBook" name="test_update_recipe_book_is_public_owner" time="0.006" /><testcase classname="tests.test_recipe_book.TestUpdateRecipeBook" name="test_update_recipe_book_is_public_editor_denied" time="0.006" /><testcase classname="tests.test_recipe_book.TestUpdateRecipeBook" name="test_update_recipe_book_access_denied" time="0.006" /><testcase classname="tests.test_recipe_book.TestDeleteRecipeBook" name="test_delete_recipe_book_success" time="0.004" /><testcase classname="tests.test_recipe_book.TestDeleteRecipeBook" name="test_delete_recipe_book_not_owner" time="0.004" /><testcase classname="tests.test_recipe_book.TestDeleteRecipeBook" name="test_delete_recipe_book_no_access" time="0.005" /><testcase classname="tests.test_search.TestUnifiedSearch" name="test_search_success" time="0.009" /><testcase classname="tests.test_search.TestUnifiedSearch" name="test_search_short_query" time="0.005" /><testcase classname="tests.test_search.TestUnifiedSearch" name="test_search_missing_query" time="0.007" /><testcase classname="tests.test_shopping_list.TestListShoppingLists" name="test_list_shopping_lists_success" time="0.007" /><testcase classname="tests.test_shopping_list.TestListShoppingLists" name="test_list_shopping_lists_empty" time="0.005" /><testcase classname="tests.test_shopping_list.TestCreateShoppingList" name="test_create_shopping_list_success" time="0.006" /><testcase classname="tests.test_shopping_list.TestCreateShoppingList" name="test_create_shopping_list_no_name" time="0.004" /><testcase classname="tests.test_shopping_list.TestGetShoppingList" name="test_get_shopping_list_success" time="0.006" /><testcase classname="tests.test_shopping_list.TestGetShoppingList" name="test_get_shopping_list_no_access" time="0.004" /><testcase classname="tests.test_shopping_list.TestDeleteShoppingList" name="test_delete_shopping_list_success" time="0.005" /><testcase classname="tests.test_shopping_list.TestDeleteShoppingList" name="test_delete_shopping_list_not_found" time="0.006" /><testcase classname="tests.test_shopping_list.TestAddShoppingListItem" name="test_add_item_success" time="0.005" /><testcase classname="tests.test_timer.TestGetActiveTimers" name="test_get_active_timers_success" time="0.005" /><testcase classname="tests.test_timer.TestGetActiveTimers" name="test_get_active_timers_empty" time="0.005" /><testcase classname="tests.test_timer.TestCreateTimer" name="test_create_timer_success" time="0.005" /><testcase classname="tests.test_timer.TestCreateTimer" name="test_create_timer_missing_duration" time="0.004" /><testcase classname="tests.test_timer.TestUpdateTimer" name="test_pause_timer" time="0.005" /><testcase classname="tests.test_timer.TestUpdateTimer" name="test_update_timer_not_found" time="0.005" /><testcase classname="tests.test_timer.TestDeleteTimer" name="test_delete_timer_success" time="0.004" /><testcase classname="tests.test_timer.TestDeleteTimer" name="test_delete_timer_not_found" time="0.007" /><testcase classname="tests.test_timer.TestDeleteTimer" name="test_delete_timer_wrong_user" time="0.005" /><testcase classname="tests.test_user.TestGetMe" name="test_get_me_success" time="0.005" /><testcase classname="tests.test_user.TestGetMe" name="test_get_me_returns_username" time="0.004" /><testcase classname="tests.test_user.TestCheckUsername" name="test_valid_available_username" time="0.004" /><testcase classname="tests.test_user.TestCheckUsername" name="test_reserved_username" time="0.004" /><testcase classname="tests.test_user.TestCheckUsername" name="test_invalid_format_username" time="0.004" /><testcase classname="tests.test_user.TestCheckUsername" name="test_taken_username" time="0.004" /><testcase classname="tests.test_user.TestCheckUsername" name="test_username_with_at_prefix" time="0.004" /><testcase classname="tests.test_user.TestSetUsername" name="test_set_username_success" time="0.005" /><testcase classname="tests.test_user.TestSetUsername" name="test_set_username_reserved" time="0.005" /><testcase classname="tests.test_user.TestSetUsername" name="test_set_username_too_short" time="0.005" /><testcase classname="tests.test_user.TestSearchUsers" name="test_search_users_success" time="0.006" /><testcase classname="tests.test_user.TestSearchUsers" name="test_search_users_empty_query" time="0.004" /><testcase classname="tests.test_user.TestNotificationPreferences" name="test_get_notification_preferences" time="0.004" /><testcase classname="tests.test_user.TestNotificationPreferences" name="test_update_notification_preferences" time="0.005" /><testcase classname="tests.test_user.TestPushTokens" name="test_register_push_token" time="0.005" /><testcase classname="tests.test_user.TestPushTokens" name="test_unregister_push_token" time="0.004" /></testsuite></testsuites>